[2023-05-06 15:51:08] local.ERROR: require(/Users/aleksander/Sites/projects-laravel/laravel-docker/routes/api.php): Failed to open stream: No such file or directory {"exception":"[object] (ErrorException(code: 0): require(/Users/aleksander/Sites/projects-laravel/laravel-docker/routes/api.php): Failed to open stream: No such file or directory at /Users/aleksander/Sites/projects-laravel/laravel-docker/vendor/laravel/framework/src/Illuminate/Routing/RouteFileRegistrar.php:35)
[stacktrace]
#0 /Users/aleksander/Sites/projects-laravel/laravel-docker/vendor/laravel/framework/src/Illuminate/Foundation/Bootstrap/HandleExceptions.php(254): Illuminate\\Foundation\\Bootstrap\\HandleExceptions->handleError(2, 'require(/Users/...', '/Users/aleksand...', 35)
#1 /Users/aleksander/Sites/projects-laravel/laravel-docker/vendor/laravel/framework/src/Illuminate/Routing/RouteFileRegistrar.php(35): Illuminate\\Foundation\\Bootstrap\\HandleExceptions->Illuminate\\Foundation\\Bootstrap\\{closure}(2, 'require(/Users/...', '/Users/aleksand...', 35)
#2 /Users/aleksander/Sites/projects-laravel/laravel-docker/vendor/laravel/framework/src/Illuminate/Routing/RouteFileRegistrar.php(35): require('/Users/aleksand...')
#3 /Users/aleksander/Sites/projects-laravel/laravel-docker/vendor/laravel/framework/src/Illuminate/Routing/Router.php(503): Illuminate\\Routing\\RouteFileRegistrar->register('/Users/aleksand...')
#4 /Users/aleksander/Sites/projects-laravel/laravel-docker/vendor/laravel/framework/src/Illuminate/Routing/Router.php(457): Illuminate\\Routing\\Router->loadRoutes('/Users/aleksand...')
#5 /Users/aleksander/Sites/projects-laravel/laravel-docker/vendor/laravel/framework/src/Illuminate/Routing/RouteRegistrar.php(192): Illuminate\\Routing\\Router->group(Array, '/Users/aleksand...')
#6 /Users/aleksander/Sites/projects-laravel/laravel-docker/app/Providers/RouteServiceProvider.php(34): Illuminate\\Routing\\RouteRegistrar->group('/Users/aleksand...')
#7 /Users/aleksander/Sites/projects-laravel/laravel-docker/vendor/laravel/framework/src/Illuminate/Container/BoundMethod.php(36): App\\Providers\\RouteServiceProvider->App\\Providers\\{closure}()
#8 /Users/aleksander/Sites/projects-laravel/laravel-docker/vendor/laravel/framework/src/Illuminate/Container/Util.php(41): Illuminate\\Container\\BoundMethod::Illuminate\\Container\\{closure}()
#9 /Users/aleksander/Sites/projects-laravel/laravel-docker/vendor/laravel/framework/src/Illuminate/Container/BoundMethod.php(81): Illuminate\\Container\\Util::unwrapIfClosure(Object(Closure))
#10 /Users/aleksander/Sites/projects-laravel/laravel-docker/vendor/laravel/framework/src/Illuminate/Container/BoundMethod.php(35): Illuminate\\Container\\BoundMethod::callBoundMethod(Object(Illuminate\\Foundation\\Application), Object(Closure), Object(Closure))
#11 /Users/aleksander/Sites/projects-laravel/laravel-docker/vendor/laravel/framework/src/Illuminate/Container/Container.php(662): Illuminate\\Container\\BoundMethod::call(Object(Illuminate\\Foundation\\Application), Object(Closure), Array, NULL)
#12 /Users/aleksander/Sites/projects-laravel/laravel-docker/vendor/laravel/framework/src/Illuminate/Foundation/Support/Providers/RouteServiceProvider.php(120): Illuminate\\Container\\Container->call(Object(Closure))
#13 /Users/aleksander/Sites/projects-laravel/laravel-docker/vendor/laravel/framework/src/Illuminate/Foundation/Support/Providers/RouteServiceProvider.php(45): Illuminate\\Foundation\\Support\\Providers\\RouteServiceProvider->loadRoutes()
#14 /Users/aleksander/Sites/projects-laravel/laravel-docker/vendor/laravel/framework/src/Illuminate/Container/BoundMethod.php(36): Illuminate\\Foundation\\Support\\Providers\\RouteServiceProvider->Illuminate\\Foundation\\Support\\Providers\\{closure}()
#15 /Users/aleksander/Sites/projects-laravel/laravel-docker/vendor/laravel/framework/src/Illuminate/Container/Util.php(41): Illuminate\\Container\\BoundMethod::Illuminate\\Container\\{closure}()
#16 /Users/aleksander/Sites/projects-laravel/laravel-docker/vendor/laravel/framework/src/Illuminate/Container/BoundMethod.php(81): Illuminate\\Container\\Util::unwrapIfClosure(Object(Closure))
#17 /Users/aleksander/Sites/projects-laravel/laravel-docker/vendor/laravel/framework/src/Illuminate/Container/BoundMethod.php(35): Illuminate\\Container\\BoundMethod::callBoundMethod(Object(Illuminate\\Foundation\\Application), Object(Closure), Object(Closure))
#18 /Users/aleksander/Sites/projects-laravel/laravel-docker/vendor/laravel/framework/src/Illuminate/Container/Container.php(662): Illuminate\\Container\\BoundMethod::call(Object(Illuminate\\Foundation\\Application), Object(Closure), Array, NULL)
#19 /Users/aleksander/Sites/projects-laravel/laravel-docker/vendor/laravel/framework/src/Illuminate/Support/ServiceProvider.php(119): Illuminate\\Container\\Container->call(Object(Closure))
#20 /Users/aleksander/Sites/projects-laravel/laravel-docker/vendor/laravel/framework/src/Illuminate/Foundation/Application.php(1009): Illuminate\\Support\\ServiceProvider->callBootedCallbacks()
#21 /Users/aleksander/Sites/projects-laravel/laravel-docker/vendor/laravel/framework/src/Illuminate/Foundation/Application.php(987): Illuminate\\Foundation\\Application->bootProvider(Object(App\\Providers\\RouteServiceProvider))
#22 [internal function]: Illuminate\\Foundation\\Application->Illuminate\\Foundation\\{closure}(Object(App\\Providers\\RouteServiceProvider), 23)
#23 /Users/aleksander/Sites/projects-laravel/laravel-docker/vendor/laravel/framework/src/Illuminate/Foundation/Application.php(986): array_walk(Array, Object(Closure))
#24 /Users/aleksander/Sites/projects-laravel/laravel-docker/vendor/laravel/framework/src/Illuminate/Foundation/Bootstrap/BootProviders.php(17): Illuminate\\Foundation\\Application->boot()
#25 /Users/aleksander/Sites/projects-laravel/laravel-docker/vendor/laravel/framework/src/Illuminate/Foundation/Application.php(261): Illuminate\\Foundation\\Bootstrap\\BootProviders->bootstrap(Object(Illuminate\\Foundation\\Application))
#26 /Users/aleksander/Sites/projects-laravel/laravel-docker/vendor/laravel/framework/src/Illuminate/Foundation/Console/Kernel.php(428): Illuminate\\Foundation\\Application->bootstrapWith(Array)
#27 /Users/aleksander/Sites/projects-laravel/laravel-docker/vendor/laravel/framework/src/Illuminate/Foundation/Console/Kernel.php(198): Illuminate\\Foundation\\Console\\Kernel->bootstrap()
#28 /Users/aleksander/Sites/projects-laravel/laravel-docker/artisan(35): Illuminate\\Foundation\\Console\\Kernel->handle(Object(Symfony\\Component\\Console\\Input\\ArgvInput), Object(Symfony\\Component\\Console\\Output\\ConsoleOutput))
#29 {main}
"} 
